This is pdfTeX, Version 3.1415926-2.5-1.40.14 (TeX Live 2013) (format=pdflatex 2014.4.28)  23 APR 2015 15:20
entering extended mode
 restricted \write18 enabled.
 %&-line parsing enabled.
**photoz_sam.tex
(./photoz_sam.tex
LaTeX2e <2011/06/27>
Babel <3.9f> and hyphenation patterns for 78 languages loaded.
(./mn2e.cls
Document Class: mn2e 2001/02/06 v2.2 LaTeX2e MN document class
Document Style `MN' v2.2, released 2001 February 20
\math@groups=\toks14
LaTeX Font Info:    Overwriting symbol font `symbols' in version `bold'
(Font)                  OMS/cmsy/b/n --> OMS/cmsy/b/n on input line 223.
\symbmisymbols=\mathgroup4
\symUPM=\mathgroup5
LaTeX Font Info:    Overwriting symbol font `UPM' in version `bold'
(Font)                  U/eur/m/n --> U/eur/b/n on input line 260.
\symAMSa=\mathgroup6
\SFB@measure=\dimen102
\realparindent=\skip41
\c@part=\count79
\c@section=\count80
\c@subsection=\count81
\c@subsubsection=\count82
\c@paragraph=\count83
\c@subparagraph=\count84
\@indentskip=\skip42
\smallindent=\skip43
\@footindent=\skip44
\@leftskip=\skip45
\c@dummy=\count85
(/usr/local/texlive/2013/texmf-dist/tex/latex/natbib/natbib.sty
Package: natbib 2010/09/13 8.31b (PWD, AO)
\bibhang=\skip46
\bibsep=\skip47
LaTeX Info: Redefining \cite on input line 694.
\c@NAT@ctr=\count86
)
\c@table=\count87
\c@figure=\count88
\mathindent=\dimen103
)
(/usr/local/texlive/2013/texmf-dist/tex/latex/amsmath/amsmath.sty
Package: amsmath 2013/01/14 v2.14 AMS math features
\@mathmargin=\skip48

For additional information on amsmath, use the `?' option.
(/usr/local/texlive/2013/texmf-dist/tex/latex/amsmath/amstext.sty
Package: amstext 2000/06/29 v2.01

(/usr/local/texlive/2013/texmf-dist/tex/latex/amsmath/amsgen.sty
File: amsgen.sty 1999/11/30 v2.0
\@emptytoks=\toks15
\ex@=\dimen104
))
(/usr/local/texlive/2013/texmf-dist/tex/latex/amsmath/amsbsy.sty
Package: amsbsy 1999/11/29 v1.2d
\pmbraise@=\dimen105
)
(/usr/local/texlive/2013/texmf-dist/tex/latex/amsmath/amsopn.sty
Package: amsopn 1999/12/14 v2.01 operator names
)
\inf@bad=\count89
LaTeX Info: Redefining \frac on input line 210.
\uproot@=\count90
\leftroot@=\count91
LaTeX Info: Redefining \overline on input line 306.
\classnum@=\count92
\DOTSCASE@=\count93
LaTeX Info: Redefining \ldots on input line 378.
LaTeX Info: Redefining \dots on input line 381.
LaTeX Info: Redefining \cdots on input line 466.
\Mathstrutbox@=\box26
\strutbox@=\box27
\big@size=\dimen106
LaTeX Font Info:    Redeclaring font encoding OML on input line 566.
LaTeX Font Info:    Redeclaring font encoding OMS on input line 567.
\macc@depth=\count94
\c@MaxMatrixCols=\count95
\dotsspace@=\muskip10
\c@parentequation=\count96
\dspbrk@lvl=\count97
\tag@help=\toks16
\row@=\count98
\column@=\count99
\maxfields@=\count100
\andhelp@=\toks17
\eqnshift@=\dimen107
\alignsep@=\dimen108
\tagshift@=\dimen109
\tagwidth@=\dimen110
\totwidth@=\dimen111
\lineht@=\dimen112
\@envbody=\toks18
\multlinegap=\skip49
\multlinetaggap=\skip50
\mathdisplay@stack=\toks19
LaTeX Info: Redefining \[ on input line 2665.
LaTeX Info: Redefining \] on input line 2666.
)
(/usr/local/texlive/2013/texmf-dist/tex/latex/amsfonts/amssymb.sty
Package: amssymb 2013/01/14 v3.01 AMS font symbols

(/usr/local/texlive/2013/texmf-dist/tex/latex/amsfonts/amsfonts.sty
Package: amsfonts 2013/01/14 v3.01 Basic AMSFonts support
LaTeX Font Info:    Redeclaring symbol font `AMSa' on input line 59.
LaTeX Font Info:    Overwriting symbol font `AMSa' in version `normal'
(Font)                  U/msa/m/n --> U/msa/m/n on input line 59.
LaTeX Font Info:    Overwriting symbol font `AMSa' in version `bold'
(Font)                  U/msa/m/n --> U/msa/m/n on input line 59.
\symAMSb=\mathgroup7
LaTeX Font Info:    Overwriting math alphabet `\mathfrak' in version `bold'
(Font)                  U/euf/m/n --> U/euf/b/n on input line 106.
)
LaTeX Font Info:    Redeclaring math symbol \leqslant on input line 101.
LaTeX Font Info:    Redeclaring math symbol \geqslant on input line 108.
)
(/usr/local/texlive/2013/texmf-dist/tex/latex/graphics/graphicx.sty
Package: graphicx 1999/02/16 v1.0f Enhanced LaTeX Graphics (DPC,SPQR)

(/usr/local/texlive/2013/texmf-dist/tex/latex/graphics/keyval.sty
Package: keyval 1999/03/16 v1.13 key=value parser (DPC)
\KV@toks@=\toks20
)
(/usr/local/texlive/2013/texmf-dist/tex/latex/graphics/graphics.sty
Package: graphics 2009/02/05 v1.0o Standard LaTeX Graphics (DPC,SPQR)

(/usr/local/texlive/2013/texmf-dist/tex/latex/graphics/trig.sty
Package: trig 1999/03/16 v1.09 sin cos tan (DPC)
)
(/usr/local/texlive/2013/texmf-dist/tex/latex/latexconfig/graphics.cfg
File: graphics.cfg 2010/04/23 v1.9 graphics configuration of TeX Live
)
Package graphics Info: Driver file: pdftex.def on input line 91.

(/usr/local/texlive/2013/texmf-dist/tex/latex/pdftex-def/pdftex.def
File: pdftex.def 2011/05/27 v0.06d Graphics/color for pdfTeX

(/usr/local/texlive/2013/texmf-dist/tex/generic/oberdiek/infwarerr.sty
Package: infwarerr 2010/04/08 v1.3 Providing info/warning/error messages (HO)
)
(/usr/local/texlive/2013/texmf-dist/tex/generic/oberdiek/ltxcmds.sty
Package: ltxcmds 2011/11/09 v1.22 LaTeX kernel commands for general use (HO)
)
\Gread@gobject=\count101
))
\Gin@req@height=\dimen113
\Gin@req@width=\dimen114
)
(/usr/local/texlive/2013/texmf-dist/tex/latex/caption/caption.sty
Package: caption 2013/05/02 v3.3-89 Customizing captions (AR)

(/usr/local/texlive/2013/texmf-dist/tex/latex/caption/caption3.sty
Package: caption3 2013/05/02 v1.6-88 caption3 kernel (AR)
Package caption3 Info: TeX engine: e-TeX on input line 57.
\captionmargin=\dimen115
\captionmargin@=\dimen116
\captionwidth=\dimen117
\caption@tempdima=\dimen118
\caption@indent=\dimen119
\caption@parindent=\dimen120
\caption@hangindent=\dimen121
\abovecaptionskip=\skip51
\belowcaptionskip=\skip52
Package caption Info: Unknown document class (or package),
(caption)             standard defaults will be used.
)

Package caption Warning: Unsupported document class (or package) detected,
(caption)                usage of the caption package is not recommended.
See the caption package documentation for explanation.

Package caption Info: \@makecaption = undefined.
\c@ContinuedFloat=\count102
) (/usr/local/texlive/2013/texmf-dist/tex/latex/hyperref/hyperref.sty
Package: hyperref 2012/11/06 v6.83m Hypertext links for LaTeX

(/usr/local/texlive/2013/texmf-dist/tex/generic/oberdiek/hobsub-hyperref.sty
Package: hobsub-hyperref 2012/05/28 v1.13 Bundle oberdiek, subset hyperref (HO)


(/usr/local/texlive/2013/texmf-dist/tex/generic/oberdiek/hobsub-generic.sty
Package: hobsub-generic 2012/05/28 v1.13 Bundle oberdiek, subset generic (HO)
Package: hobsub 2012/05/28 v1.13 Construct package bundles (HO)
Package hobsub Info: Skipping package `infwarerr' (already loaded).
Package hobsub Info: Skipping package `ltxcmds' (already loaded).
Package: ifluatex 2010/03/01 v1.3 Provides the ifluatex switch (HO)
Package ifluatex Info: LuaTeX not detected.
Package: ifvtex 2010/03/01 v1.5 Detect VTeX and its facilities (HO)
Package ifvtex Info: VTeX not detected.
Package: intcalc 2007/09/27 v1.1 Expandable calculations with integers (HO)
Package: ifpdf 2011/01/30 v2.3 Provides the ifpdf switch (HO)
Package ifpdf Info: pdfTeX in PDF mode is detected.
Package: etexcmds 2011/02/16 v1.5 Avoid name clashes with e-TeX commands (HO)
Package etexcmds Info: Could not find \expanded.
(etexcmds)             That can mean that you are not using pdfTeX 1.50 or
(etexcmds)             that some package has redefined \expanded.
(etexcmds)             In the latter case, load this package earlier.
Package: kvsetkeys 2012/04/25 v1.16 Key value parser (HO)
Package: kvdefinekeys 2011/04/07 v1.3 Define keys (HO)
Package: pdftexcmds 2011/11/29 v0.20 Utility functions of pdfTeX for LuaTeX (HO
)
Package pdftexcmds Info: LuaTeX not detected.
Package pdftexcmds Info: \pdf@primitive is available.
Package pdftexcmds Info: \pdf@ifprimitive is available.
Package pdftexcmds Info: \pdfdraftmode found.
Package: pdfescape 2011/11/25 v1.13 Implements pdfTeX's escape features (HO)
Package: bigintcalc 2012/04/08 v1.3 Expandable calculations on big integers (HO
)
Package: bitset 2011/01/30 v1.1 Handle bit-vector datatype (HO)
Package: uniquecounter 2011/01/30 v1.2 Provide unlimited unique counter (HO)
)
Package hobsub Info: Skipping package `hobsub' (already loaded).
Package: letltxmacro 2010/09/02 v1.4 Let assignment for LaTeX macros (HO)
Package: hopatch 2012/05/28 v1.2 Wrapper for package hooks (HO)
Package: xcolor-patch 2011/01/30 xcolor patch
Package: atveryend 2011/06/30 v1.8 Hooks at the very end of document (HO)
Package atveryend Info: \enddocument detected (standard20110627).
Package: atbegshi 2011/10/05 v1.16 At begin shipout hook (HO)
Package: refcount 2011/10/16 v3.4 Data extraction from label references (HO)
Package: hycolor 2011/01/30 v1.7 Color options for hyperref/bookmark (HO)
)
(/usr/local/texlive/2013/texmf-dist/tex/generic/ifxetex/ifxetex.sty
Package: ifxetex 2010/09/12 v0.6 Provides ifxetex conditional
)
(/usr/local/texlive/2013/texmf-dist/tex/latex/oberdiek/auxhook.sty
Package: auxhook 2011/03/04 v1.3 Hooks for auxiliary files (HO)
)
(/usr/local/texlive/2013/texmf-dist/tex/latex/oberdiek/kvoptions.sty
Package: kvoptions 2011/06/30 v3.11 Key value format for package options (HO)
)
\@linkdim=\dimen122
\Hy@linkcounter=\count103
\Hy@pagecounter=\count104

(/usr/local/texlive/2013/texmf-dist/tex/latex/hyperref/pd1enc.def
File: pd1enc.def 2012/11/06 v6.83m Hyperref: PDFDocEncoding definition (HO)
)
\Hy@SavedSpaceFactor=\count105

(/usr/local/texlive/2013/texmf-dist/tex/latex/latexconfig/hyperref.cfg
File: hyperref.cfg 2002/06/06 v1.2 hyperref configuration of TeXLive
)
Package hyperref Info: Hyper figures OFF on input line 4443.
Package hyperref Info: Link nesting OFF on input line 4448.
Package hyperref Info: Hyper index ON on input line 4451.
Package hyperref Info: Plain pages OFF on input line 4458.
Package hyperref Info: Backreferencing OFF on input line 4463.
Package hyperref Info: Implicit mode ON; LaTeX internals redefined.
Package hyperref Info: Bookmarks ON on input line 4688.
\c@Hy@tempcnt=\count106

(/usr/local/texlive/2013/texmf-dist/tex/latex/url/url.sty
\Urlmuskip=\muskip11
Package: url 2006/04/12  ver 3.3  Verb mode for urls, etc.
)
LaTeX Info: Redefining \url on input line 5041.
\XeTeXLinkMargin=\dimen123
\Fld@menulength=\count107
\Field@Width=\dimen124
\Fld@charsize=\dimen125
Package hyperref Info: Hyper figures OFF on input line 6295.
Package hyperref Info: Link nesting OFF on input line 6300.
Package hyperref Info: Hyper index ON on input line 6303.
Package hyperref Info: backreferencing OFF on input line 6310.
Package hyperref Info: Link coloring OFF on input line 6315.
Package hyperref Info: Link coloring with OCG OFF on input line 6320.
Package hyperref Info: PDF/A mode OFF on input line 6325.
LaTeX Info: Redefining \ref on input line 6365.
LaTeX Info: Redefining \pageref on input line 6369.
\Hy@abspage=\count108
\c@Item=\count109
\c@Hfootnote=\count110
)

Package hyperref Message: Driver (autodetected): hpdftex.

(/usr/local/texlive/2013/texmf-dist/tex/latex/hyperref/hpdftex.def
File: hpdftex.def 2012/11/06 v6.83m Hyperref driver for pdfTeX
\Fld@listcount=\count111
\c@bookmark@seq@number=\count112

(/usr/local/texlive/2013/texmf-dist/tex/latex/oberdiek/rerunfilecheck.sty
Package: rerunfilecheck 2011/04/15 v1.7 Rerun checks for auxiliary files (HO)
Package uniquecounter Info: New unique counter `rerunfilecheck' on input line 2
82.
)
\Hy@SectionHShift=\skip53
)
(/usr/local/texlive/2013/texmf-dist/tex/latex/caption/subcaption.sty
Package: subcaption 2013/02/03 v1.1-62 Sub-captions (AR)
\c@subfigure=\count113
\c@subtable=\count114
)
(./photoz_sam.aux)
\openout1 = `photoz_sam.aux'.

LaTeX Font Info:    Checking defaults for OML/cmm/m/it on input line 22.
LaTeX Font Info:    ... okay on input line 22.
LaTeX Font Info:    Checking defaults for T1/cmr/m/n on input line 22.
LaTeX Font Info:    ... okay on input line 22.
LaTeX Font Info:    Checking defaults for OT1/cmr/m/n on input line 22.
LaTeX Font Info:    ... okay on input line 22.
LaTeX Font Info:    Checking defaults for OMS/cmsy/m/n on input line 22.
LaTeX Font Info:    ... okay on input line 22.
LaTeX Font Info:    Checking defaults for OMX/cmex/m/n on input line 22.
LaTeX Font Info:    ... okay on input line 22.
LaTeX Font Info:    Checking defaults for U/cmr/m/n on input line 22.
LaTeX Font Info:    ... okay on input line 22.
LaTeX Font Info:    Checking defaults for PD1/pdf/m/n on input line 22.
LaTeX Font Info:    ... okay on input line 22.

(/usr/local/texlive/2013/texmf-dist/tex/context/base/supp-pdf.mkii
[Loading MPS to PDF converter (version 2006.09.02).]
\scratchcounter=\count115
\scratchdimen=\dimen126
\scratchbox=\box28
\nofMPsegments=\count116
\nofMParguments=\count117
\everyMPshowfont=\toks21
\MPscratchCnt=\count118
\MPscratchDim=\dimen127
\MPnumerator=\count119
\makeMPintoPDFobject=\count120
\everyMPtoPDFconversion=\toks22
) (/usr/local/texlive/2013/texmf-dist/tex/latex/oberdiek/epstopdf-base.sty
Package: epstopdf-base 2010/02/09 v2.5 Base part for package epstopdf

(/usr/local/texlive/2013/texmf-dist/tex/latex/oberdiek/grfext.sty
Package: grfext 2010/08/19 v1.1 Manage graphics extensions (HO)
)
Package grfext Info: Graphics extension search list:
(grfext)             [.png,.pdf,.jpg,.mps,.jpeg,.jbig2,.jb2,.PNG,.PDF,.JPG,.JPE
G,.JBIG2,.JB2,.eps]
(grfext)             \AppendGraphicsExtensions on input line 452.

(/usr/local/texlive/2013/texmf-dist/tex/latex/latexconfig/epstopdf-sys.cfg
File: epstopdf-sys.cfg 2010/07/13 v1.3 Configuration of (r)epstopdf for TeX Liv
e
))
Package caption Info: Begin \AtBeginDocument code.
Package caption Info: hyperref package is loaded.
Package caption Info: End \AtBeginDocument code.
\AtBeginShipoutBox=\box29


Package hyperref Warning: Height of page (\paperheight) is invalid (0.0pt),
(hyperref)                using 11in.

Package hyperref Info: Link coloring OFF on input line 22.
(/usr/local/texlive/2013/texmf-dist/tex/latex/hyperref/nameref.sty
Package: nameref 2012/10/27 v2.43 Cross-referencing by name of section

(/usr/local/texlive/2013/texmf-dist/tex/generic/oberdiek/gettitlestring.sty
Package: gettitlestring 2010/12/03 v1.4 Cleanup title references (HO)
)
\c@section@level=\count121
)
LaTeX Info: Redefining \ref on input line 22.
LaTeX Info: Redefining \pageref on input line 22.
LaTeX Info: Redefining \nameref on input line 22.

(./photoz_sam.out) (./photoz_sam.out)
\@outlinefile=\write3
\openout3 = `photoz_sam.out'.

LaTeX Font Info:    Try loading font information for U+eur on input line 29.

(/usr/local/texlive/2013/texmf-dist/tex/latex/amsfonts/ueur.fd
File: ueur.fd 2013/01/14 v3.01 Euler Roman
)
LaTeX Font Info:    Try loading font information for U+msa on input line 29.

(/usr/local/texlive/2013/texmf-dist/tex/latex/amsfonts/umsa.fd
File: umsa.fd 2013/01/14 v3.01 AMS symbols A
)
LaTeX Font Info:    Try loading font information for U+msb on input line 29.

(/usr/local/texlive/2013/texmf-dist/tex/latex/amsfonts/umsb.fd
File: umsb.fd 2013/01/14 v3.01 AMS symbols B
)
Overfull \hbox (4.69995pt too wide) in paragraph at lines 29--29
[][]  
 []


Underfull \vbox (badness 10000) has occurred while \output is active []

LaTeX Font Info:    Try loading font information for OMS+cmr on input line 43.

(/usr/local/texlive/2013/texmf-dist/tex/latex/base/omscmr.fd
File: omscmr.fd 1999/05/25 v2.5h Standard LaTeX font definitions
)
LaTeX Font Info:    Font shape `OMS/cmr/m/n' in size <8> not available
(Font)              Font shape `OMS/cmsy/m/n' tried instead on input line 43.
 [1{/usr/local/texlive/2013/texmf-var/fonts/map/pdftex/updmap/pdftex.map}


] [2] [3]
Package epstopdf Info: Source file: <figures/surface.eps>
(epstopdf)                    date: 2015-04-23 15:15:37
(epstopdf)                    size: 463931 bytes
(epstopdf)             Output file: <figures/surface-eps-converted-to.pdf>
(epstopdf)                    date: 2015-04-23 15:17:50
(epstopdf)                    size: 80875 bytes
(epstopdf)             Command: <repstopdf --outfile=figures/surface-eps-conver
ted-to.pdf figures/surface.eps>
(epstopdf)             \includegraphics on input line 175.
Package epstopdf Info: Output file is already uptodate.

<figures/surface-eps-converted-to.pdf, id=189, 562.1pt x 421.575pt>
File: figures/surface-eps-converted-to.pdf Graphic file (type pdf)

<use figures/surface-eps-converted-to.pdf>
Package pdftex.def Info: figures/surface-eps-converted-to.pdf used on input lin
e 175.
(pdftex.def)             Requested size: 107.99927pt x 80.99422pt.
Package epstopdf Info: Source file: <figures/contour.eps>
(epstopdf)                    date: 2015-04-23 15:15:37
(epstopdf)                    size: 53623 bytes
(epstopdf)             Output file: <figures/contour-eps-converted-to.pdf>
(epstopdf)                    date: 2015-04-23 15:17:51
(epstopdf)                    size: 11788 bytes
(epstopdf)             Command: <repstopdf --outfile=figures/contour-eps-conver
ted-to.pdf figures/contour.eps>
(epstopdf)             \includegraphics on input line 179.
Package epstopdf Info: Output file is already uptodate.

<figures/contour-eps-converted-to.pdf, id=190, 562.1pt x 421.575pt>
File: figures/contour-eps-converted-to.pdf Graphic file (type pdf)

<use figures/contour-eps-converted-to.pdf>
Package pdftex.def Info: figures/contour-eps-converted-to.pdf used on input lin
e 179.
(pdftex.def)             Requested size: 107.99927pt x 80.99422pt.
Package epstopdf Info: Source file: <figures/GPGL1.eps>
(epstopdf)                    date: 2015-04-23 15:15:37
(epstopdf)                    size: 22101 bytes
(epstopdf)             Output file: <figures/GPGL1-eps-converted-to.pdf>
(epstopdf)                    date: 2015-04-23 15:17:52
(epstopdf)                    size: 8309 bytes
(epstopdf)             Command: <repstopdf --outfile=figures/GPGL1-eps-converte
d-to.pdf figures/GPGL1.eps>
(epstopdf)             \includegraphics on input line 188.
Package epstopdf Info: Output file is already uptodate.

<figures/GPGL1-eps-converted-to.pdf, id=191, 562.1pt x 421.575pt>
File: figures/GPGL1-eps-converted-to.pdf Graphic file (type pdf)

<use figures/GPGL1-eps-converted-to.pdf>
Package pdftex.def Info: figures/GPGL1-eps-converted-to.pdf used on input line 
188.
(pdftex.def)             Requested size: 72.00073pt x 53.99614pt.
Package epstopdf Info: Source file: <figures/GPVL1.eps>
(epstopdf)                    date: 2015-04-23 15:15:37
(epstopdf)                    size: 22042 bytes
(epstopdf)             Output file: <figures/GPVL1-eps-converted-to.pdf>
(epstopdf)                    date: 2015-04-23 15:17:53
(epstopdf)                    size: 8229 bytes
(epstopdf)             Command: <repstopdf --outfile=figures/GPVL1-eps-converte
d-to.pdf figures/GPVL1.eps>
(epstopdf)             \includegraphics on input line 192.
Package epstopdf Info: Output file is already uptodate.

<figures/GPVL1-eps-converted-to.pdf, id=192, 562.1pt x 421.575pt>
File: figures/GPVL1-eps-converted-to.pdf Graphic file (type pdf)

<use figures/GPVL1-eps-converted-to.pdf>
Package pdftex.def Info: figures/GPVL1-eps-converted-to.pdf used on input line 
192.
(pdftex.def)             Requested size: 72.00073pt x 53.99614pt.
Package epstopdf Info: Source file: <figures/GPVC1.eps>
(epstopdf)                    date: 2015-04-23 15:15:37
(epstopdf)                    size: 37891 bytes
(epstopdf)             Output file: <figures/GPVC1-eps-converted-to.pdf>
(epstopdf)                    date: 2015-04-23 15:17:54
(epstopdf)                    size: 13721 bytes
(epstopdf)             Command: <repstopdf --outfile=figures/GPVC1-eps-converte
d-to.pdf figures/GPVC1.eps>
(epstopdf)             \includegraphics on input line 196.
Package epstopdf Info: Output file is already uptodate.

<figures/GPVC1-eps-converted-to.pdf, id=193, 562.1pt x 421.575pt>
File: figures/GPVC1-eps-converted-to.pdf Graphic file (type pdf)

<use figures/GPVC1-eps-converted-to.pdf>
Package pdftex.def Info: figures/GPVC1-eps-converted-to.pdf used on input line 
196.
(pdftex.def)             Requested size: 72.00073pt x 53.99614pt.
Package epstopdf Info: Source file: <figures/GPGL2.eps>
(epstopdf)                    date: 2015-04-23 15:15:37
(epstopdf)                    size: 28390 bytes
(epstopdf)             Output file: <figures/GPGL2-eps-converted-to.pdf>
(epstopdf)                    date: 2015-04-23 15:17:55
(epstopdf)                    size: 10823 bytes
(epstopdf)             Command: <repstopdf --outfile=figures/GPGL2-eps-converte
d-to.pdf figures/GPGL2.eps>
(epstopdf)             \includegraphics on input line 200.
Package epstopdf Info: Output file is already uptodate.

<figures/GPGL2-eps-converted-to.pdf, id=194, 562.1pt x 421.575pt>
File: figures/GPGL2-eps-converted-to.pdf Graphic file (type pdf)

<use figures/GPGL2-eps-converted-to.pdf>
Package pdftex.def Info: figures/GPGL2-eps-converted-to.pdf used on input line 
200.
(pdftex.def)             Requested size: 72.00073pt x 53.99614pt.
Package epstopdf Info: Source file: <figures/GPVL2.eps>
(epstopdf)                    date: 2015-04-23 15:15:37
(epstopdf)                    size: 28374 bytes
(epstopdf)             Output file: <figures/GPVL2-eps-converted-to.pdf>
(epstopdf)                    date: 2015-04-23 15:17:56
(epstopdf)                    size: 10757 bytes
(epstopdf)             Command: <repstopdf --outfile=figures/GPVL2-eps-converte
d-to.pdf figures/GPVL2.eps>
(epstopdf)             \includegraphics on input line 204.
Package epstopdf Info: Output file is already uptodate.

<figures/GPVL2-eps-converted-to.pdf, id=195, 562.1pt x 421.575pt>
File: figures/GPVL2-eps-converted-to.pdf Graphic file (type pdf)

<use figures/GPVL2-eps-converted-to.pdf>
Package pdftex.def Info: figures/GPVL2-eps-converted-to.pdf used on input line 
204.
(pdftex.def)             Requested size: 72.00073pt x 53.99614pt.
Package epstopdf Info: Source file: <figures/GPVC2.eps>
(epstopdf)                    date: 2015-04-23 15:15:37
(epstopdf)                    size: 29381 bytes
(epstopdf)             Output file: <figures/GPVC2-eps-converted-to.pdf>
(epstopdf)                    date: 2015-04-23 15:17:57
(epstopdf)                    size: 10820 bytes
(epstopdf)             Command: <repstopdf --outfile=figures/GPVC2-eps-converte
d-to.pdf figures/GPVC2.eps>
(epstopdf)             \includegraphics on input line 208.
Package epstopdf Info: Output file is already uptodate.

<figures/GPVC2-eps-converted-to.pdf, id=196, 562.1pt x 421.575pt>
File: figures/GPVC2-eps-converted-to.pdf Graphic file (type pdf)

<use figures/GPVC2-eps-converted-to.pdf>
Package pdftex.def Info: figures/GPVC2-eps-converted-to.pdf used on input line 
208.
(pdftex.def)             Requested size: 72.00073pt x 53.99614pt.
Package epstopdf Info: Source file: <figures/GPGL3.eps>
(epstopdf)                    date: 2015-04-23 15:15:37
(epstopdf)                    size: 42305 bytes
(epstopdf)             Output file: <figures/GPGL3-eps-converted-to.pdf>
(epstopdf)                    date: 2015-04-23 15:17:58
(epstopdf)                    size: 9541 bytes
(epstopdf)             Command: <repstopdf --outfile=figures/GPGL3-eps-converte
d-to.pdf figures/GPGL3.eps>
(epstopdf)             \includegraphics on input line 212.
Package epstopdf Info: Output file is already uptodate.

<figures/GPGL3-eps-converted-to.pdf, id=197, 562.1pt x 421.575pt>
File: figures/GPGL3-eps-converted-to.pdf Graphic file (type pdf)

<use figures/GPGL3-eps-converted-to.pdf>
Package pdftex.def Info: figures/GPGL3-eps-converted-to.pdf used on input line 
212.
(pdftex.def)             Requested size: 72.00073pt x 53.99614pt.
Package epstopdf Info: Source file: <figures/GPVL3.eps>
(epstopdf)                    date: 2015-04-23 15:15:37
(epstopdf)                    size: 42838 bytes
(epstopdf)             Output file: <figures/GPVL3-eps-converted-to.pdf>
(epstopdf)                    date: 2015-04-23 15:17:59
(epstopdf)                    size: 9421 bytes
(epstopdf)             Command: <repstopdf --outfile=figures/GPVL3-eps-converte
d-to.pdf figures/GPVL3.eps>
(epstopdf)             \includegraphics on input line 216.
Package epstopdf Info: Output file is already uptodate.

<figures/GPVL3-eps-converted-to.pdf, id=198, 562.1pt x 421.575pt>
File: figures/GPVL3-eps-converted-to.pdf Graphic file (type pdf)

<use figures/GPVL3-eps-converted-to.pdf>
Package pdftex.def Info: figures/GPVL3-eps-converted-to.pdf used on input line 
216.
(pdftex.def)             Requested size: 72.00073pt x 53.99614pt.
Package epstopdf Info: Source file: <figures/GPVC3.eps>
(epstopdf)                    date: 2015-04-23 15:15:37
(epstopdf)                    size: 43191 bytes
(epstopdf)             Output file: <figures/GPVC3-eps-converted-to.pdf>
(epstopdf)                    date: 2015-04-23 15:18:00
(epstopdf)                    size: 9647 bytes
(epstopdf)             Command: <repstopdf --outfile=figures/GPVC3-eps-converte
d-to.pdf figures/GPVC3.eps>
(epstopdf)             \includegraphics on input line 220.
Package epstopdf Info: Output file is already uptodate.

<figures/GPVC3-eps-converted-to.pdf, id=199, 562.1pt x 421.575pt>
File: figures/GPVC3-eps-converted-to.pdf Graphic file (type pdf)

<use figures/GPVC3-eps-converted-to.pdf>
Package pdftex.def Info: figures/GPVC3-eps-converted-to.pdf used on input line 
220.
(pdftex.def)             Requested size: 72.00073pt x 53.99614pt.
Package epstopdf Info: Source file: <figures/GPGL4.eps>
(epstopdf)                    date: 2015-04-23 15:15:37
(epstopdf)                    size: 44816 bytes
(epstopdf)             Output file: <figures/GPGL4-eps-converted-to.pdf>
(epstopdf)                    date: 2015-04-23 15:18:01
(epstopdf)                    size: 11072 bytes
(epstopdf)             Command: <repstopdf --outfile=figures/GPGL4-eps-converte
d-to.pdf figures/GPGL4.eps>
(epstopdf)             \includegraphics on input line 223.
Package epstopdf Info: Output file is already uptodate.

<figures/GPGL4-eps-converted-to.pdf, id=200, 562.1pt x 421.575pt>
File: figures/GPGL4-eps-converted-to.pdf Graphic file (type pdf)

<use figures/GPGL4-eps-converted-to.pdf>
Package pdftex.def Info: figures/GPGL4-eps-converted-to.pdf used on input line 
223.
(pdftex.def)             Requested size: 72.00073pt x 53.99614pt.
Package epstopdf Info: Source file: <figures/GPVL4.eps>
(epstopdf)                    date: 2015-04-23 15:15:37
(epstopdf)                    size: 44427 bytes
(epstopdf)             Output file: <figures/GPVL4-eps-converted-to.pdf>
(epstopdf)                    date: 2015-04-23 15:18:02
(epstopdf)                    size: 10109 bytes
(epstopdf)             Command: <repstopdf --outfile=figures/GPVL4-eps-converte
d-to.pdf figures/GPVL4.eps>
(epstopdf)             \includegraphics on input line 228.
Package epstopdf Info: Output file is already uptodate.

<figures/GPVL4-eps-converted-to.pdf, id=201, 562.1pt x 421.575pt>
File: figures/GPVL4-eps-converted-to.pdf Graphic file (type pdf)

<use figures/GPVL4-eps-converted-to.pdf>
Package pdftex.def Info: figures/GPVL4-eps-converted-to.pdf used on input line 
228.
(pdftex.def)             Requested size: 72.00073pt x 53.99614pt.
Package epstopdf Info: Source file: <figures/GPVC4.eps>
(epstopdf)                    date: 2015-04-23 15:15:37
(epstopdf)                    size: 44743 bytes
(epstopdf)             Output file: <figures/GPVC4-eps-converted-to.pdf>
(epstopdf)                    date: 2015-04-23 15:18:03
(epstopdf)                    size: 10247 bytes
(epstopdf)             Command: <repstopdf --outfile=figures/GPVC4-eps-converte
d-to.pdf figures/GPVC4.eps>
(epstopdf)             \includegraphics on input line 233.
Package epstopdf Info: Output file is already uptodate.

<figures/GPVC4-eps-converted-to.pdf, id=202, 562.1pt x 421.575pt>
File: figures/GPVC4-eps-converted-to.pdf Graphic file (type pdf)

<use figures/GPVC4-eps-converted-to.pdf>
Package pdftex.def Info: figures/GPVC4-eps-converted-to.pdf used on input line 
233.
(pdftex.def)             Requested size: 72.00073pt x 53.99614pt.
 [4 <./figures/surface-eps-converted-to.pdf> <./figures/contour-eps-converted-t
o.pdf> <./figures/GPGL1-eps-converted-to.pdf> <./figures/GPVL1-eps-converted-to
.pdf> <./figures/GPVC1-eps-converted-to.pdf> <./figures/GPGL2-eps-converted-to.
pdf> <./figures/GPVL2-eps-converted-to.pdf> <./figures/GPVC2-eps-converted-to.p
df> <./figures/GPGL3-eps-converted-to.pdf> <./figures/GPVL3-eps-converted-to.pd
f> <./figures/GPVC3-eps-converted-to.pdf> <./figures/GPGL4-eps-converted-to.pdf
> <./figures/GPVL4-eps-converted-to.pdf> <./figures/GPVC4-eps-converted-to.pdf>
]

Package natbib Warning: Citation `ilbert06' on page 5 undefined on input line 2
67.


Package natbib Warning: Citation `collister04' on page 5 undefined on input lin
e 267.


Package natbib Warning: Citation `hildebrandt10' on page 5 undefined on input l
ine 269.


Package natbib Warning: Citation `abdalla11' on page 5 undefined on input line 
269.


Package natbib Warning: Citation `sanchez14' on page 5 undefined on input line 
269.


Package natbib Warning: Citation `bonfield10' on page 5 undefined on input line
 269.


Package natbib Warning: Citation `jouvel09' on page 5 undefined on input line 2
77.

Package epstopdf Info: Source file: <figures/correlated.eps>
(epstopdf)                    date: 2015-04-23 15:15:37
(epstopdf)                    size: 25458 bytes
(epstopdf)             Output file: <figures/correlated-eps-converted-to.pdf>
(epstopdf)                    date: 2015-04-23 15:18:04
(epstopdf)                    size: 11970 bytes
(epstopdf)             Command: <repstopdf --outfile=figures/correlated-eps-con
verted-to.pdf figures/correlated.eps>
(epstopdf)             \includegraphics on input line 282.
Package epstopdf Info: Output file is already uptodate.
<figures/correlated-eps-converted-to.pdf, id=321, 562.1pt x 421.575pt>
File: figures/correlated-eps-converted-to.pdf Graphic file (type pdf)

<use figures/correlated-eps-converted-to.pdf>
Package pdftex.def Info: figures/correlated-eps-converted-to.pdf used on input 
line 282.
(pdftex.def)             Requested size: 107.99927pt x 80.99422pt.
Package epstopdf Info: Source file: <figures/decorrelated.eps>
(epstopdf)                    date: 2015-04-23 15:15:37
(epstopdf)                    size: 28779 bytes
(epstopdf)             Output file: <figures/decorrelated-eps-converted-to.pdf>

(epstopdf)                    date: 2015-04-23 15:18:04
(epstopdf)                    size: 12724 bytes
(epstopdf)             Command: <repstopdf --outfile=figures/decorrelated-eps-c
onverted-to.pdf figures/decorrelated.eps>
(epstopdf)             \includegraphics on input line 287.
Package epstopdf Info: Output file is already uptodate.

<figures/decorrelated-eps-converted-to.pdf, id=322, 562.1pt x 421.575pt>
File: figures/decorrelated-eps-converted-to.pdf Graphic file (type pdf)

<use figures/decorrelated-eps-converted-to.pdf>
Package pdftex.def Info: figures/decorrelated-eps-converted-to.pdf used on inpu
t line 287.
(pdftex.def)             Requested size: 107.99927pt x 80.99422pt.
Package epstopdf Info: Source file: <figures/zspec.eps>
(epstopdf)                    date: 2015-04-23 15:15:37
(epstopdf)                    size: 122384 bytes
(epstopdf)             Output file: <figures/zspec-eps-converted-to.pdf>
(epstopdf)                    date: 2015-04-23 15:18:05
(epstopdf)                    size: 10938 bytes
(epstopdf)             Command: <repstopdf --outfile=figures/zspec-eps-converte
d-to.pdf figures/zspec.eps>
(epstopdf)             \includegraphics on input line 295.
Package epstopdf Info: Output file is already uptodate.

<figures/zspec-eps-converted-to.pdf, id=325, 562.1pt x 421.575pt>
File: figures/zspec-eps-converted-to.pdf Graphic file (type pdf)

<use figures/zspec-eps-converted-to.pdf>
Package pdftex.def Info: figures/zspec-eps-converted-to.pdf used on input line 
295.
(pdftex.def)             Requested size: 240.0pt x 180.00003pt.

Underfull \vbox (badness 10000) has occurred while \output is active []

 [5]
Package epstopdf Info: Source file: <figures/ANN.eps>
(epstopdf)                    date: 2015-04-23 15:15:37
(epstopdf)                    size: 1190535 bytes
(epstopdf)             Output file: <figures/ANN-eps-converted-to.pdf>
(epstopdf)                    date: 2015-04-23 15:18:08
(epstopdf)                    size: 100337 bytes
(epstopdf)             Command: <repstopdf --outfile=figures/ANN-eps-converted-
to.pdf figures/ANN.eps>
(epstopdf)             \includegraphics on input line 316.
Package epstopdf Info: Output file is already uptodate.

<figures/ANN-eps-converted-to.pdf, id=345, 562.1pt x 421.575pt>
File: figures/ANN-eps-converted-to.pdf Graphic file (type pdf)

<use figures/ANN-eps-converted-to.pdf>
Package pdftex.def Info: figures/ANN-eps-converted-to.pdf used on input line 31
6.
(pdftex.def)             Requested size: 151.20154pt x 113.39577pt.
Package epstopdf Info: Source file: <figures/stableGP.eps>
(epstopdf)                    date: 2015-04-23 15:15:37
(epstopdf)                    size: 1191243 bytes
(epstopdf)             Output file: <figures/stableGP-eps-converted-to.pdf>
(epstopdf)                    date: 2015-04-23 15:18:11
(epstopdf)                    size: 112724 bytes
(epstopdf)             Command: <repstopdf --outfile=figures/stableGP-eps-conve
rted-to.pdf figures/stableGP.eps>
(epstopdf)             \includegraphics on input line 321.
Package epstopdf Info: Output file is already uptodate.

<figures/stableGP-eps-converted-to.pdf, id=346, 562.1pt x 421.575pt>
File: figures/stableGP-eps-converted-to.pdf Graphic file (type pdf)

<use figures/stableGP-eps-converted-to.pdf>
Package pdftex.def Info: figures/stableGP-eps-converted-to.pdf used on input li
ne 321.
(pdftex.def)             Requested size: 151.20154pt x 113.39577pt.
Package epstopdf Info: Source file: <figures/GPGL.eps>
(epstopdf)                    date: 2015-04-23 15:15:37
(epstopdf)                    size: 1190506 bytes
(epstopdf)             Output file: <figures/GPGL-eps-converted-to.pdf>
(epstopdf)                    date: 2015-04-23 15:18:13
(epstopdf)                    size: 104504 bytes
(epstopdf)             Command: <repstopdf --outfile=figures/GPGL-eps-converted
-to.pdf figures/GPGL.eps>
(epstopdf)             \includegraphics on input line 326.
Package epstopdf Info: Output file is already uptodate.

<figures/GPGL-eps-converted-to.pdf, id=347, 562.1pt x 421.575pt>
File: figures/GPGL-eps-converted-to.pdf Graphic file (type pdf)

<use figures/GPGL-eps-converted-to.pdf>
Package pdftex.def Info: figures/GPGL-eps-converted-to.pdf used on input line 3
26.
(pdftex.def)             Requested size: 151.20154pt x 113.39577pt.
Package epstopdf Info: Source file: <figures/GPVL.eps>
(epstopdf)                    date: 2015-04-23 15:15:37
(epstopdf)                    size: 1190500 bytes
(epstopdf)             Output file: <figures/GPVL-eps-converted-to.pdf>
(epstopdf)                    date: 2015-04-23 15:18:15
(epstopdf)                    size: 104763 bytes
(epstopdf)             Command: <repstopdf --outfile=figures/GPVL-eps-converted
-to.pdf figures/GPVL.eps>
(epstopdf)             \includegraphics on input line 331.
Package epstopdf Info: Output file is already uptodate.

<figures/GPVL-eps-converted-to.pdf, id=348, 562.1pt x 421.575pt>
File: figures/GPVL-eps-converted-to.pdf Graphic file (type pdf)

<use figures/GPVL-eps-converted-to.pdf>
Package pdftex.def Info: figures/GPVL-eps-converted-to.pdf used on input line 3
31.
(pdftex.def)             Requested size: 151.20154pt x 113.39577pt.
Package epstopdf Info: Source file: <figures/GPVC.eps>
(epstopdf)                    date: 2015-04-23 15:15:37
(epstopdf)                    size: 1190325 bytes
(epstopdf)             Output file: <figures/GPVC-eps-converted-to.pdf>
(epstopdf)                    date: 2015-04-23 15:18:18
(epstopdf)                    size: 94924 bytes
(epstopdf)             Command: <repstopdf --outfile=figures/GPVC-eps-converted
-to.pdf figures/GPVC.eps>
(epstopdf)             \includegraphics on input line 336.
Package epstopdf Info: Output file is already uptodate.

<figures/GPVC-eps-converted-to.pdf, id=349, 562.1pt x 421.575pt>
File: figures/GPVC-eps-converted-to.pdf Graphic file (type pdf)

<use figures/GPVC-eps-converted-to.pdf>
Package pdftex.def Info: figures/GPVC-eps-converted-to.pdf used on input line 3
36.
(pdftex.def)             Requested size: 151.20154pt x 113.39577pt.
Package epstopdf Info: Source file: <figures/23_0.eps>
(epstopdf)                    date: 2015-04-23 15:15:37
(epstopdf)                    size: 1190564 bytes
(epstopdf)             Output file: <figures/23_0-eps-converted-to.pdf>
(epstopdf)                    date: 2015-04-23 15:18:20
(epstopdf)                    size: 96631 bytes
(epstopdf)             Command: <repstopdf --outfile=figures/23_0-eps-converted
-to.pdf figures/23_0.eps>
(epstopdf)             \includegraphics on input line 380.
Package epstopdf Info: Output file is already uptodate.

<figures/23_0-eps-converted-to.pdf, id=354, 562.1pt x 421.575pt>
File: figures/23_0-eps-converted-to.pdf Graphic file (type pdf)

<use figures/23_0-eps-converted-to.pdf>
Package pdftex.def Info: figures/23_0-eps-converted-to.pdf used on input line 3
80.
(pdftex.def)             Requested size: 151.20154pt x 113.39577pt.
Package epstopdf Info: Source file: <figures/23_L.eps>
(epstopdf)                    date: 2015-04-23 15:15:37
(epstopdf)                    size: 1190166 bytes
(epstopdf)             Output file: <figures/23_L-eps-converted-to.pdf>
(epstopdf)                    date: 2015-04-23 15:18:23
(epstopdf)                    size: 95837 bytes
(epstopdf)             Command: <repstopdf --outfile=figures/23_L-eps-converted
-to.pdf figures/23_L.eps>
(epstopdf)             \includegraphics on input line 384.
Package epstopdf Info: Output file is already uptodate.

<figures/23_L-eps-converted-to.pdf, id=355, 562.1pt x 421.575pt>
File: figures/23_L-eps-converted-to.pdf Graphic file (type pdf)

<use figures/23_L-eps-converted-to.pdf>
Package pdftex.def Info: figures/23_L-eps-converted-to.pdf used on input line 3
84.
(pdftex.def)             Requested size: 151.20154pt x 113.39577pt.
Package epstopdf Info: Source file: <figures/23_J.eps>
(epstopdf)                    date: 2015-04-23 15:15:37
(epstopdf)                    size: 1190123 bytes
(epstopdf)             Output file: <figures/23_J-eps-converted-to.pdf>
(epstopdf)                    date: 2015-04-23 15:18:25
(epstopdf)                    size: 93266 bytes
(epstopdf)             Command: <repstopdf --outfile=figures/23_J-eps-converted
-to.pdf figures/23_J.eps>
(epstopdf)             \includegraphics on input line 388.
Package epstopdf Info: Output file is already uptodate.

<figures/23_J-eps-converted-to.pdf, id=356, 562.1pt x 421.575pt>
File: figures/23_J-eps-converted-to.pdf Graphic file (type pdf)

<use figures/23_J-eps-converted-to.pdf>
Package pdftex.def Info: figures/23_J-eps-converted-to.pdf used on input line 3
88.
(pdftex.def)             Requested size: 151.20154pt x 113.39577pt.
Package epstopdf Info: Source file: <figures/22_0.eps>
(epstopdf)                    date: 2015-04-23 15:15:37
(epstopdf)                    size: 1190756 bytes
(epstopdf)             Output file: <figures/22_0-eps-converted-to.pdf>
(epstopdf)                    date: 2015-04-23 15:18:28
(epstopdf)                    size: 101586 bytes
(epstopdf)             Command: <repstopdf --outfile=figures/22_0-eps-converted
-to.pdf figures/22_0.eps>
(epstopdf)             \includegraphics on input line 392.
Package epstopdf Info: Output file is already uptodate.

<figures/22_0-eps-converted-to.pdf, id=357, 562.1pt x 421.575pt>
File: figures/22_0-eps-converted-to.pdf Graphic file (type pdf)

<use figures/22_0-eps-converted-to.pdf>
Package pdftex.def Info: figures/22_0-eps-converted-to.pdf used on input line 3
92.
(pdftex.def)             Requested size: 151.20154pt x 113.39577pt.
Package epstopdf Info: Source file: <figures/22_L.eps>
(epstopdf)                    date: 2015-04-23 15:15:37
(epstopdf)                    size: 1191160 bytes
(epstopdf)             Output file: <figures/22_L-eps-converted-to.pdf>
(epstopdf)                    date: 2015-04-23 15:18:30
(epstopdf)                    size: 102464 bytes
(epstopdf)             Command: <repstopdf --outfile=figures/22_L-eps-converted
-to.pdf figures/22_L.eps>
(epstopdf)             \includegraphics on input line 397.
Package epstopdf Info: Output file is already uptodate.

<figures/22_L-eps-converted-to.pdf, id=358, 562.1pt x 421.575pt>
File: figures/22_L-eps-converted-to.pdf Graphic file (type pdf)

<use figures/22_L-eps-converted-to.pdf>
Package pdftex.def Info: figures/22_L-eps-converted-to.pdf used on input line 3
97.
(pdftex.def)             Requested size: 151.20154pt x 113.39577pt.
Package epstopdf Info: Source file: <figures/22_J.eps>
(epstopdf)                    date: 2015-04-23 15:15:37
(epstopdf)                    size: 1190228 bytes
(epstopdf)             Output file: <figures/22_J-eps-converted-to.pdf>
(epstopdf)                    date: 2015-04-23 15:18:33
(epstopdf)                    size: 100515 bytes
(epstopdf)             Command: <repstopdf --outfile=figures/22_J-eps-converted
-to.pdf figures/22_J.eps>
(epstopdf)             \includegraphics on input line 402.
Package epstopdf Info: Output file is already uptodate.

<figures/22_J-eps-converted-to.pdf, id=359, 562.1pt x 421.575pt>
File: figures/22_J-eps-converted-to.pdf Graphic file (type pdf)

<use figures/22_J-eps-converted-to.pdf>
Package pdftex.def Info: figures/22_J-eps-converted-to.pdf used on input line 4
02.
(pdftex.def)             Requested size: 151.20154pt x 113.39577pt.
 [6 <./figures/correlated-eps-converted-to.pdf> <./figures/decorrelated-eps-con
verted-to.pdf> <./figures/zspec-eps-converted-to.pdf>]
Package epstopdf Info: Source file: <figures/Zspec-Zphot_normal.eps>
(epstopdf)                    date: 2015-04-23 15:15:37
(epstopdf)                    size: 212619 bytes
(epstopdf)             Output file: <figures/Zspec-Zphot_normal-eps-converted-t
o.pdf>
(epstopdf)                    date: 2015-04-23 15:18:34
(epstopdf)                    size: 27167 bytes
(epstopdf)             Command: <repstopdf --outfile=figures/Zspec-Zphot_normal
-eps-converted-to.pdf figures/Zspec-Zphot_normal.eps>
(epstopdf)             \includegraphics on input line 417.
Package epstopdf Info: Output file is already uptodate.

<figures/Zspec-Zphot_normal-eps-converted-to.pdf, id=398, 732.7375pt x 488.8262
5pt>
File: figures/Zspec-Zphot_normal-eps-converted-to.pdf Graphic file (type pdf)
 <use figures/Zspec-Zphot_normal-eps-converted-to.pdf>
Package pdftex.def Info: figures/Zspec-Zphot_normal-eps-converted-to.pdf used o
n input line 417.
(pdftex.def)             Requested size: 240.0pt x 160.10481pt.
Package epstopdf Info: Source file: <figures/Zspec-Zphot_balanced.eps>
(epstopdf)                    date: 2015-04-23 15:15:37
(epstopdf)                    size: 212558 bytes
(epstopdf)             Output file: <figures/Zspec-Zphot_balanced-eps-converted
-to.pdf>
(epstopdf)                    date: 2015-04-23 15:18:35
(epstopdf)                    size: 26385 bytes
(epstopdf)             Command: <repstopdf --outfile=figures/Zspec-Zphot_balanc
ed-eps-converted-to.pdf figures/Zspec-Zphot_balanced.eps>
(epstopdf)             \includegraphics on input line 422.
Package epstopdf Info: Output file is already uptodate.

<figures/Zspec-Zphot_balanced-eps-converted-to.pdf, id=399, 732.7375pt x 488.82
625pt>
File: figures/Zspec-Zphot_balanced-eps-converted-to.pdf Graphic file (type pdf)

 <use figures/Zspec-Zphot_balanced-eps-converted-to.pdf>
Package pdftex.def Info: figures/Zspec-Zphot_balanced-eps-converted-to.pdf used
 on input line 422.
(pdftex.def)             Requested size: 240.0pt x 160.10481pt.

Overfull \hbox (10.26054pt too wide) in paragraph at lines 433--439
 [] 
 []

[7 <./figures/ANN-eps-converted-to.pdf> <./figures/stableGP-eps-converted-to.pd
f> <./figures/GPGL-eps-converted-to.pdf> <./figures/GPVL-eps-converted-to.pdf> 
<./figures/GPVC-eps-converted-to.pdf>]
Package epstopdf Info: Source file: <figures/different-basis.eps>
(epstopdf)                    date: 2015-04-23 15:15:37
(epstopdf)                    size: 156129 bytes
(epstopdf)             Output file: <figures/different-basis-eps-converted-to.p
df>
(epstopdf)                    date: 2015-04-23 15:18:36
(epstopdf)                    size: 23768 bytes
(epstopdf)             Command: <repstopdf --outfile=figures/different-basis-ep
s-converted-to.pdf figures/different-basis.eps>
(epstopdf)             \includegraphics on input line 467.
Package epstopdf Info: Output file is already uptodate.

<figures/different-basis-eps-converted-to.pdf, id=459, 731.73375pt x 488.82625p
t>
File: figures/different-basis-eps-converted-to.pdf Graphic file (type pdf)
 <use figures/different-basis-eps-converted-to.pdf>
Package pdftex.def Info: figures/different-basis-eps-converted-to.pdf used on i
nput line 467.
(pdftex.def)             Requested size: 226.79846pt x 151.51219pt.
Package epstopdf Info: Source file: <figures/times.eps>
(epstopdf)                    date: 2015-04-23 15:15:37
(epstopdf)                    size: 74212 bytes
(epstopdf)             Output file: <figures/times-eps-converted-to.pdf>
(epstopdf)                    date: 2015-04-23 15:18:37
(epstopdf)                    size: 22336 bytes
(epstopdf)             Command: <repstopdf --outfile=figures/times-eps-converte
d-to.pdf figures/times.eps>
(epstopdf)             \includegraphics on input line 473.
Package epstopdf Info: Output file is already uptodate.

<figures/times-eps-converted-to.pdf, id=460, 731.73375pt x 488.82625pt>
File: figures/times-eps-converted-to.pdf Graphic file (type pdf)

<use figures/times-eps-converted-to.pdf>
Package pdftex.def Info: figures/times-eps-converted-to.pdf used on input line 
473.
(pdftex.def)             Requested size: 226.79846pt x 151.51219pt.

Underfull \vbox (badness 1320) has occurred while \output is active []

Package epstopdf Info: Source file: <figures/percentage.eps>
(epstopdf)                    date: 2015-04-23 15:15:37
(epstopdf)                    size: 146465 bytes
(epstopdf)             Output file: <figures/percentage-eps-converted-to.pdf>
(epstopdf)                    date: 2015-04-23 15:18:38
(epstopdf)                    size: 12781 bytes
(epstopdf)             Command: <repstopdf --outfile=figures/percentage-eps-con
verted-to.pdf figures/percentage.eps>
(epstopdf)             \includegraphics on input line 487.
Package epstopdf Info: Output file is already uptodate.

<figures/percentage-eps-converted-to.pdf, id=464, 731.73375pt x 488.82625pt>
File: figures/percentage-eps-converted-to.pdf Graphic file (type pdf)

<use figures/percentage-eps-converted-to.pdf>
Package pdftex.def Info: figures/percentage-eps-converted-to.pdf used on input 
line 487.
(pdftex.def)             Requested size: 240.0pt x 160.32858pt.
Package epstopdf Info: Source file: <figures/final-model.eps>
(epstopdf)                    date: 2015-04-23 15:15:37
(epstopdf)                    size: 1188016 bytes
(epstopdf)             Output file: <figures/final-model-eps-converted-to.pdf>
(epstopdf)                    date: 2015-04-23 15:18:41
(epstopdf)                    size: 88120 bytes
(epstopdf)             Command: <repstopdf --outfile=figures/final-model-eps-co
nverted-to.pdf figures/final-model.eps>
(epstopdf)             \includegraphics on input line 494.
Package epstopdf Info: Output file is already uptodate.

<figures/final-model-eps-converted-to.pdf, id=465, 562.1pt x 421.575pt>
File: figures/final-model-eps-converted-to.pdf Graphic file (type pdf)

<use figures/final-model-eps-converted-to.pdf>
Package pdftex.def Info: figures/final-model-eps-converted-to.pdf used on input
 line 494.
(pdftex.def)             Requested size: 240.0pt x 180.00003pt.
 [8 <./figures/23_0-eps-converted-to.pdf> <./figures/23_L-eps-converted-to.pdf>
 <./figures/23_J-eps-converted-to.pdf> <./figures/22_0-eps-converted-to.pdf> <.
/figures/22_L-eps-converted-to.pdf> <./figures/22_J-eps-converted-to.pdf>] (./p
hotoz_sam.bbl [9 <./figures/Zspec-Zphot_normal-eps-converted-to.pdf> <./figures
/Zspec-Zphot_balanced-eps-converted-to.pdf> <./figures/different-basis-eps-conv
erted-to.pdf> <./figures/times-eps-converted-to.pdf> <./figures/percentage-eps-
converted-to.pdf>])

Package natbib Warning: There were undefined citations.

Package atveryend Info: Empty hook `BeforeClearDocument' on input line 511.
[10

 <./figures/final-model-eps-converted-to.pdf>]
Package atveryend Info: Empty hook `AfterLastShipout' on input line 511.
 (./photoz_sam.aux)
Package atveryend Info: Executing hook `AtVeryEndDocument' on input line 511.
Package atveryend Info: Executing hook `AtEndAfterFileList' on input line 511.
Package rerunfilecheck Info: File `photoz_sam.out' has not changed.
(rerunfilecheck)             Checksum: D677D46EA83A01C70AA5AF82B68E4D35;939.
Package atveryend Info: Empty hook `AtVeryVeryEnd' on input line 511.
 ) 
Here is how much of TeX's memory you used:
 8039 strings out of 493315
 120811 string characters out of 6137904
 220409 words of memory out of 5000000
 11275 multiletter control sequences out of 15000+600000
 21764 words of font info for 79 fonts, out of 8000000 for 9000
 957 hyphenation exceptions out of 8191
 36i,16n,38p,3283b,474s stack positions out of 5000i,500n,10000p,200000b,80000s
pdfTeX warning (dest): name{section*.15} has been referenced but does not exi
st, replaced by a fixed one

</usr/local/texlive/2013/texmf-dist/fonts/type1/public/amsfonts/cm/cmbx10.pfb><
/usr/local/texlive/2013/texmf-dist/fonts/type1/public/amsfonts/cm/cmbx12.pfb></
usr/local/texlive/2013/texmf-dist/fonts/type1/public/amsfonts/cm/cmbx8.pfb></us
r/local/texlive/2013/texmf-dist/fonts/type1/public/amsfonts/cm/cmbx9.pfb></usr/
local/texlive/2013/texmf-dist/fonts/type1/public/amsfonts/cmextra/cmex8.pfb></u
sr/local/texlive/2013/texmf-dist/fonts/type1/public/amsfonts/cmextra/cmex9.pfb>
</usr/local/texlive/2013/texmf-dist/fonts/type1/public/amsfonts/cm/cmmi10.pfb><
/usr/local/texlive/2013/texmf-dist/fonts/type1/public/amsfonts/cm/cmmi5.pfb></u
sr/local/texlive/2013/texmf-dist/fonts/type1/public/amsfonts/cm/cmmi6.pfb></usr
/local/texlive/2013/texmf-dist/fonts/type1/public/amsfonts/cm/cmmi7.pfb></usr/l
ocal/texlive/2013/texmf-dist/fonts/type1/public/amsfonts/cm/cmmi8.pfb></usr/loc
al/texlive/2013/texmf-dist/fonts/type1/public/amsfonts/cm/cmmi9.pfb></usr/local
/texlive/2013/texmf-dist/fonts/type1/public/amsfonts/cmextra/cmmib9.pfb></usr/l
ocal/texlive/2013/texmf-dist/fonts/type1/public/amsfonts/cm/cmr10.pfb></usr/loc
al/texlive/2013/texmf-dist/fonts/type1/public/amsfonts/cm/cmr12.pfb></usr/local
/texlive/2013/texmf-dist/fonts/type1/public/amsfonts/cm/cmr6.pfb></usr/local/te
xlive/2013/texmf-dist/fonts/type1/public/amsfonts/cm/cmr8.pfb></usr/local/texli
ve/2013/texmf-dist/fonts/type1/public/amsfonts/cm/cmr9.pfb></usr/local/texlive/
2013/texmf-dist/fonts/type1/public/amsfonts/cm/cmsy6.pfb></usr/local/texlive/20
13/texmf-dist/fonts/type1/public/amsfonts/cm/cmsy8.pfb></usr/local/texlive/2013
/texmf-dist/fonts/type1/public/amsfonts/cm/cmsy9.pfb></usr/local/texlive/2013/t
exmf-dist/fonts/type1/public/amsfonts/cm/cmti12.pfb></usr/local/texlive/2013/te
xmf-dist/fonts/type1/public/amsfonts/cm/cmti8.pfb></usr/local/texlive/2013/texm
f-dist/fonts/type1/public/amsfonts/cm/cmti9.pfb></usr/local/texlive/2013/texmf-
dist/fonts/type1/public/amsfonts/symbols/msam10.pfb></usr/local/texlive/2013/te
xmf-dist/fonts/type1/public/amsfonts/symbols/msbm10.pfb>
Output written on photoz_sam.pdf (10 pages, 1792719 bytes).
PDF statistics:
 716 PDF objects out of 1000 (max. 8388607)
 578 compressed objects within 6 object streams
 86 named destinations out of 1000 (max. 500000)
 291 words of extra memory for PDF output out of 10000 (max. 10000000)

